<?xml version="1.0" encoding="UTF-8"?>
<!-- Generated by org.testng.reporters.JUnitXMLReporter -->
<testsuite ignored="0" hostname="Vishal" failures="0" tests="3" name="Test" time="363.219" errors="0" timestamp="2022-10-02T22:15:47 IST">
  <testcase classname="org.SEF_Compassion.TestCases.CompassionCommitmentGlobal_Individual" name="commitment" time="110.175"/>
  <testcase classname="org.SEF_Compassion.TestCases.CompassionCommitmentRN_Individual" name="commitment" time="117.426"/>
  <testcase classname="org.SEF_Compassion.TestCases.CompassionOnlyConstituent" name="Constituent" time="88.731"/>
</testsuite> <!-- Test -->
