<?xml version="1.0" encoding="UTF-8"?>
<testng-results ignored="0" total="1" passed="1" failed="0" skipped="0">
  <reporter-output>
    <line>
      <![CDATA[************************ Browser Session Started ************************]]>
    </line>
    <line>
      <![CDATA[************************ Browser Session End ************************]]>
    </line>
  </reporter-output>
  <suite started-at="2022-10-03T12:06:30 IST" name="Default suite" finished-at="2022-10-03T12:08:11 IST" duration-ms="101595">
    <groups>
      <group name="All">
        <method signature="CompassionOnlyConstituent.Constituent(java.lang.String,java.lang.String)[pri:0, instance:org.SEF_Compassion.TestCases.CompassionOnlyConstituent@59474f18]" name="Constituent" class="org.SEF_Compassion.TestCases.CompassionOnlyConstituent"/>
      </group> <!-- All -->
      <group name="OnlyConstituent">
        <method signature="CompassionOnlyConstituent.Constituent(java.lang.String,java.lang.String)[pri:0, instance:org.SEF_Compassion.TestCases.CompassionOnlyConstituent@59474f18]" name="Constituent" class="org.SEF_Compassion.TestCases.CompassionOnlyConstituent"/>
      </group> <!-- OnlyConstituent -->
    </groups>
    <test started-at="2022-10-03T12:06:30 IST" name="Default test" finished-at="2022-10-03T12:08:11 IST" duration-ms="101595">
      <class name="org.SEF_Compassion.TestCases.CompassionOnlyConstituent">
        <test-method is-config="true" signature="setup(java.lang.String)[pri:0, instance:org.SEF_Compassion.TestCases.CompassionOnlyConstituent@59474f18]" started-at="2022-10-03T12:06:30 IST" name="setup" finished-at="2022-10-03T12:06:38 IST" duration-ms="7944" status="PASS">
          <params>
            <param index="0">
              <value>
                <![CDATA[dev]]>
              </value>
            </param>
          </params>
          <reporter-output>
            <line>
              <![CDATA[************************ Browser Session Started ************************]]>
            </line>
          </reporter-output>
        </test-method> <!-- setup -->
        <test-method signature="Constituent(java.lang.String,java.lang.String)[pri:0, instance:org.SEF_Compassion.TestCases.CompassionOnlyConstituent@59474f18]" started-at="2022-10-03T12:06:38 IST" name="Constituent" finished-at="2022-10-03T12:08:06 IST" duration-ms="88087" status="PASS">
          <params>
            <param index="0">
              <value>
                <![CDATA[GC_1]]>
              </value>
            </param>
            <param index="1">
              <value>
                <![CDATA[G33con0404]]>
              </value>
            </param>
          </params>
          <reporter-output>
          </reporter-output>
        </test-method> <!-- Constituent -->
        <test-method is-config="true" signature="tearDown()[pri:0, instance:org.SEF_Compassion.TestCases.CompassionOnlyConstituent@59474f18]" started-at="2022-10-03T12:08:06 IST" name="tearDown" finished-at="2022-10-03T12:08:11 IST" duration-ms="5496" status="PASS">
          <reporter-output>
            <line>
              <![CDATA[************************ Browser Session End ************************]]>
            </line>
          </reporter-output>
        </test-method> <!-- tearDown -->
      </class> <!-- org.SEF_Compassion.TestCases.CompassionOnlyConstituent -->
    </test> <!-- Default test -->
  </suite> <!-- Default suite -->
</testng-results>
